          ok  Starting native_osx for sync db-sync
          ok  db-sync container still running, restarting unison in container
unison: stopped
unison: started
     success  Sync container started
     success  Showing unison logs from your sync container: db-sync
[2021-02-04 11:51:25 -0600] Sync Log:  UNISON 2.51.2 (OCAML 4.06.1) started propagating changes at 11:51:24.99 on 04 Feb 2021
[2021-02-04 11:51:25 -0600] Sync Log:  [BGN] Copying public-api/.docker-sync/daemon.log from /host_sync to /app_sync
[2021-02-04 11:51:25 -0600] Sync Log:  [END] Copying public-api/.docker-sync/daemon.log
[2021-02-04 11:51:25 -0600] Sync Log:  [BGN] Copying public-api/.docker-sync/daemon.pid from /host_sync to /app_sync
[2021-02-04 11:51:25 -0600] Sync Log:  [END] Copying public-api/.docker-sync/daemon.pid
[2021-02-04 11:51:25 -0600] Sync Log:  UNISON 2.51.2 (OCAML 4.06.1) finished propagating changes at 11:51:24.99 on 04 Feb 2021
[2021-02-04 11:51:25 -0600] Sync Log:  Synchronization complete at 11:51:24  (2 items transferred, 0 skipped, 0 failed)
[2021-02-04 11:51:32 -0600] Sync Log:  UNISON 2.51.2 (OCAML 4.06.1) started propagating changes at 11:51:31.56 on 04 Feb 2021
[2021-02-04 11:51:32 -0600] Sync Log:  [BGN] Deleting public-ui/src/publicGenerated/.gitignore from /app_sync
[2021-02-04 11:51:32 -0600] Sync Log:  [END] Deleting public-ui/src/publicGenerated/.gitignore
[2021-02-04 11:51:32 -0600] Sync Log:  UNISON 2.51.2 (OCAML 4.06.1) finished propagating changes at 11:51:31.56 on 04 Feb 2021
[2021-02-04 11:51:32 -0600] Sync Log:  Synchronization complete at 11:51:31  (1 item transferred, 0 skipped, 0 failed)
[2021-02-04 11:51:33 -0600] Sync Log:  UNISON 2.51.2 (OCAML 4.06.1) started propagating changes at 11:51:32.57 on 04 Feb 2021
[2021-02-04 11:51:33 -0600] Sync Log:  [BGN] Deleting public-ui/src/publicGenerated from /app_sync
[2021-02-04 11:51:33 -0600] Sync Log:  [END] Deleting public-ui/src/publicGenerated
[2021-02-04 11:51:33 -0600] Sync Log:  UNISON 2.51.2 (OCAML 4.06.1) finished propagating changes at 11:51:32.57 on 04 Feb 2021
[2021-02-04 11:51:33 -0600] Sync Log:  Synchronization complete at 11:51:32  (1 item transferred, 0 skipped, 0 failed)
[2021-02-04 11:51:35 -0600] Sync Log:  UNISON 2.51.2 (OCAML 4.06.1) started propagating changes at 11:51:34.73 on 04 Feb 2021
[2021-02-04 11:51:35 -0600] Sync Log:  [BGN] Copying public-ui/src/publicGenerated from /host_sync to /app_sync
[2021-02-04 11:51:35 -0600] Sync Log:  [END] Copying public-ui/src/publicGenerated
[2021-02-04 11:51:35 -0600] Sync Log:  UNISON 2.51.2 (OCAML 4.06.1) finished propagating changes at 11:51:34.76 on 04 Feb 2021
[2021-02-04 11:51:35 -0600] Sync Log:  Synchronization complete at 11:51:34  (1 item transferred, 0 skipped, 0 failed)
[2021-02-04 11:51:37 -0600] Sync Log:  UNISON 2.51.2 (OCAML 4.06.1) started propagating changes at 11:51:36.80 on 04 Feb 2021
[2021-02-04 11:51:37 -0600] Sync Log:  [BGN] Copying public-ui/src/publicGenerated/fetch from /host_sync to /app_sync
[2021-02-04 11:51:37 -0600] Sync Log:  [END] Copying public-ui/src/publicGenerated/fetch
[2021-02-04 11:51:37 -0600] Sync Log:  [BGN] Copying public-ui/src/publicGenerated/variables.ts.bak from /host_sync to /app_sync
[2021-02-04 11:51:37 -0600] Sync Log:  [END] Copying public-ui/src/publicGenerated/variables.ts.bak
[2021-02-04 11:51:37 -0600] Sync Log:  UNISON 2.51.2 (OCAML 4.06.1) finished propagating changes at 11:51:36.80 on 04 Feb 2021
[2021-02-04 11:51:37 -0600] Sync Log:  Synchronization complete at 11:51:36  (2 items transferred, 0 skipped, 0 failed)
[2021-02-04 11:54:35 -0600] Sync Log:  UNISON 2.51.2 (OCAML 4.06.1) started propagating changes at 11:54:35.62 on 04 Feb 2021
[2021-02-04 11:54:35 -0600] Sync Log:  [BGN] Copying public-ui/docker-sync.yml from /host_sync to /app_sync
[2021-02-04 11:54:35 -0600] Sync Log:  [END] Copying public-ui/docker-sync.yml
[2021-02-04 11:54:35 -0600] Sync Log:  UNISON 2.51.2 (OCAML 4.06.1) finished propagating changes at 11:54:35.62 on 04 Feb 2021
[2021-02-04 11:54:35 -0600] Sync Log:  Synchronization complete at 11:54:35  (1 item transferred, 0 skipped, 0 failed)
          ok  Starting native_osx for sync db-sync
          ok  db-sync container still running, restarting unison in container
unison: stopped
unison: started
     success  Sync container started
     success  Showing unison logs from your sync container: db-sync
[2021-02-15 16:12:11 -0600] Sync Log:  [END] Deleting public-api/.docker-sync/daemon.pid
[2021-02-15 16:12:11 -0600] Sync Log:  UNISON 2.51.2 (OCAML 4.06.1) finished propagating changes at 16:12:07.02 on 15 Feb 2021
[2021-02-15 16:12:11 -0600] Sync Log:  Synchronization complete at 16:12:07  (27 items transferred, 0 skipped, 0 failed)
[2021-02-15 16:12:11 -0600] Sync Log:  UNISON 2.51.2 (OCAML 4.06.1) started propagating changes at 16:12:09.05 on 15 Feb 2021
[2021-02-15 16:12:11 -0600] Sync Log:  [BGN] Updating file public-api/.docker-sync/daemon.log from /host_sync to /app_sync
[2021-02-15 16:12:11 -0600] Sync Log:  [END] Updating file public-api/.docker-sync/daemon.log
[2021-02-15 16:12:11 -0600] Sync Log:  [BGN] Copying public-api/.docker-sync/daemon.pid from /host_sync to /app_sync
[2021-02-15 16:12:11 -0600] Sync Log:  [END] Copying public-api/.docker-sync/daemon.pid
[2021-02-15 16:12:11 -0600] Sync Log:  UNISON 2.51.2 (OCAML 4.06.1) finished propagating changes at 16:12:09.05 on 15 Feb 2021
[2021-02-15 16:12:11 -0600] Sync Log:  Synchronization complete at 16:12:09  (2 items transferred, 0 skipped, 0 failed)
[2021-02-15 16:12:12 -0600] Sync Log:  UNISON 2.51.2 (OCAML 4.06.1) started propagating changes at 16:12:11.36 on 15 Feb 2021
[2021-02-15 16:12:12 -0600] Sync Log:  [BGN] Updating file .git/logs/refs/remotes/origin/Api_CleanUP_Concept from /host_sync to /app_sync
[2021-02-15 16:12:12 -0600] Sync Log:  [END] Updating file .git/logs/refs/remotes/origin/Api_CleanUP_Concept
[2021-02-15 16:12:12 -0600] Sync Log:  UNISON 2.51.2 (OCAML 4.06.1) finished propagating changes at 16:12:11.36 on 15 Feb 2021
[2021-02-15 16:12:12 -0600] Sync Log:  Synchronization complete at 16:12:11  (1 item transferred, 0 skipped, 0 failed)
[2021-02-15 16:12:13 -0600] Sync Log:  UNISON 2.51.2 (OCAML 4.06.1) started propagating changes at 16:12:12.38 on 15 Feb 2021
[2021-02-15 16:12:13 -0600] Sync Log:  [BGN] Updating file .git/refs/remotes/origin/Api_CleanUP_Concept from /host_sync to /app_sync
[2021-02-15 16:12:13 -0600] Sync Log:  [END] Updating file .git/refs/remotes/origin/Api_CleanUP_Concept
[2021-02-15 16:12:13 -0600] Sync Log:  UNISON 2.51.2 (OCAML 4.06.1) finished propagating changes at 16:12:12.38 on 15 Feb 2021
[2021-02-15 16:12:13 -0600] Sync Log:  Synchronization complete at 16:12:12  (1 item transferred, 0 skipped, 0 failed)
          ok  Starting native_osx for sync db-sync
          ok  db-sync container still running, restarting unison in container
unison: stopped
unison: started
     success  Sync container started
     success  Showing unison logs from your sync container: db-sync
[2021-02-15 16:15:36 -0600] Sync Log:  [END] Updating file .git/refs/heads/Api_CleanUP_Concept
[2021-02-15 16:15:36 -0600] Sync Log:  UNISON 2.51.2 (OCAML 4.06.1) finished propagating changes at 16:15:33.16 on 15 Feb 2021
[2021-02-15 16:15:36 -0600] Sync Log:  Synchronization complete at 16:15:33  (4 items transferred, 0 skipped, 0 failed)
[2021-02-15 16:15:36 -0600] Sync Log:  UNISON 2.51.2 (OCAML 4.06.1) started propagating changes at 16:15:34.44 on 15 Feb 2021
[2021-02-15 16:15:36 -0600] Sync Log:  [BGN] Updating file public-api/.docker-sync/daemon.log from /host_sync to /app_sync
[2021-02-15 16:15:36 -0600] Sync Log:  [END] Updating file public-api/.docker-sync/daemon.log
[2021-02-15 16:15:36 -0600] Sync Log:  [BGN] Copying public-api/.docker-sync/daemon.pid from /host_sync to /app_sync
[2021-02-15 16:15:36 -0600] Sync Log:  [END] Copying public-api/.docker-sync/daemon.pid
[2021-02-15 16:15:36 -0600] Sync Log:  UNISON 2.51.2 (OCAML 4.06.1) finished propagating changes at 16:15:34.44 on 15 Feb 2021
[2021-02-15 16:15:36 -0600] Sync Log:  Synchronization complete at 16:15:34  (2 items transferred, 0 skipped, 0 failed)
[2021-02-15 16:15:38 -0600] Sync Log:  UNISON 2.51.2 (OCAML 4.06.1) started propagating changes at 16:15:37.90 on 15 Feb 2021
[2021-02-15 16:15:38 -0600] Sync Log:  [BGN] Updating file .git/logs/refs/remotes/origin/Api_CleanUP_Concept from /host_sync to /app_sync
[2021-02-15 16:15:38 -0600] Sync Log:  [END] Updating file .git/logs/refs/remotes/origin/Api_CleanUP_Concept
[2021-02-15 16:15:38 -0600] Sync Log:  UNISON 2.51.2 (OCAML 4.06.1) finished propagating changes at 16:15:37.90 on 15 Feb 2021
[2021-02-15 16:15:38 -0600] Sync Log:  Synchronization complete at 16:15:37  (1 item transferred, 0 skipped, 0 failed)
[2021-02-15 16:15:39 -0600] Sync Log:  UNISON 2.51.2 (OCAML 4.06.1) started propagating changes at 16:15:38.92 on 15 Feb 2021
[2021-02-15 16:15:39 -0600] Sync Log:  [BGN] Updating file .git/refs/remotes/origin/Api_CleanUP_Concept from /host_sync to /app_sync
[2021-02-15 16:15:39 -0600] Sync Log:  [END] Updating file .git/refs/remotes/origin/Api_CleanUP_Concept
[2021-02-15 16:15:39 -0600] Sync Log:  UNISON 2.51.2 (OCAML 4.06.1) finished propagating changes at 16:15:38.92 on 15 Feb 2021
[2021-02-15 16:15:39 -0600] Sync Log:  Synchronization complete at 16:15:38  (1 item transferred, 0 skipped, 0 failed)
          ok  Starting native_osx for sync db-sync
          ok  db-sync container still running, restarting unison in container
unison: stopped
unison: started
     success  Sync container started
     success  Showing unison logs from your sync container: db-sync
[2021-02-15 16:20:14 -0600] Sync Log:  [BGN] Updating file public-api/src/main/java/org/pmiops/workbench/cdr/dao/ConceptService.java from /host_sync to /app_sync
[2021-02-15 16:20:14 -0600] Sync Log:  [END] Updating file public-api/src/main/java/org/pmiops/workbench/cdr/dao/ConceptService.java
[2021-02-15 16:20:14 -0600] Sync Log:  [BGN] Updating file public-api/src/main/java/org/pmiops/workbench/cdr/model/ConceptSynonym.java from /host_sync to /app_sync
[2021-02-15 16:20:14 -0600] Sync Log:  [END] Updating file public-api/src/main/java/org/pmiops/workbench/cdr/model/ConceptSynonym.java
[2021-02-15 16:20:14 -0600] Sync Log:  [BGN] Updating file public-api/src/main/java/org/pmiops/workbench/cdr/model/DbConcept.java from /host_sync to /app_sync
[2021-02-15 16:20:14 -0600] Sync Log:  [END] Updating file public-api/src/main/java/org/pmiops/workbench/cdr/model/DbConcept.java
[2021-02-15 16:20:14 -0600] Sync Log:  [BGN] Updating file public-api/src/main/java/org/pmiops/workbench/publicapi/DataBrowserController.java from /host_sync to /app_sync
[2021-02-15 16:20:14 -0600] Sync Log:  [END] Updating file public-api/src/main/java/org/pmiops/workbench/publicapi/DataBrowserController.java
[2021-02-15 16:20:14 -0600] Sync Log:  UNISON 2.51.2 (OCAML 4.06.1) finished propagating changes at 16:20:13.22 on 15 Feb 2021
[2021-02-15 16:20:14 -0600] Sync Log:  Synchronization complete at 16:20:13  (6 items transferred, 0 skipped, 0 failed)
          ok  Starting native_osx for sync db-sync
          ok  db-sync container still running, restarting unison in container
unison: stopped
unison: started
     success  Sync container started
     success  Showing unison logs from your sync container: db-sync
[2021-02-15 16:23:04 -0600] Sync Log:  [END] Deleting public-api/.docker-sync/daemon.pid
[2021-02-15 16:23:04 -0600] Sync Log:  UNISON 2.51.2 (OCAML 4.06.1) finished propagating changes at 16:23:01.38 on 15 Feb 2021
[2021-02-15 16:23:04 -0600] Sync Log:  Synchronization complete at 16:23:01  (3 items transferred, 0 skipped, 0 failed)
[2021-02-15 16:23:04 -0600] Sync Log:  UNISON 2.51.2 (OCAML 4.06.1) started propagating changes at 16:23:03.52 on 15 Feb 2021
[2021-02-15 16:23:04 -0600] Sync Log:  [BGN] Updating file public-api/.docker-sync/daemon.log from /host_sync to /app_sync
[2021-02-15 16:23:04 -0600] Sync Log:  [END] Updating file public-api/.docker-sync/daemon.log
[2021-02-15 16:23:04 -0600] Sync Log:  [BGN] Copying public-api/.docker-sync/daemon.pid from /host_sync to /app_sync
[2021-02-15 16:23:04 -0600] Sync Log:  [END] Copying public-api/.docker-sync/daemon.pid
[2021-02-15 16:23:04 -0600] Sync Log:  UNISON 2.51.2 (OCAML 4.06.1) finished propagating changes at 16:23:03.53 on 15 Feb 2021
[2021-02-15 16:23:04 -0600] Sync Log:  Synchronization complete at 16:23:03  (2 items transferred, 0 skipped, 0 failed)
          ok  Starting native_osx for sync db-sync
          ok  db-sync container still running, restarting unison in container
unison: stopped
unison: started
     success  Sync container started
     success  Showing unison logs from your sync container: db-sync
[2021-02-15 16:24:42 -0600] Sync Log:  [END] Deleting public-api/.docker-sync/daemon.pid
[2021-02-15 16:24:42 -0600] Sync Log:  UNISON 2.51.2 (OCAML 4.06.1) finished propagating changes at 16:24:38.85 on 15 Feb 2021
[2021-02-15 16:24:42 -0600] Sync Log:  Synchronization complete at 16:24:38  (3 items transferred, 0 skipped, 0 failed)
[2021-02-15 16:24:42 -0600] Sync Log:  UNISON 2.51.2 (OCAML 4.06.1) started propagating changes at 16:24:41.12 on 15 Feb 2021
[2021-02-15 16:24:42 -0600] Sync Log:  [BGN] Updating file public-api/.docker-sync/daemon.log from /host_sync to /app_sync
[2021-02-15 16:24:42 -0600] Sync Log:  [END] Updating file public-api/.docker-sync/daemon.log
[2021-02-15 16:24:42 -0600] Sync Log:  [BGN] Copying public-api/.docker-sync/daemon.pid from /host_sync to /app_sync
[2021-02-15 16:24:42 -0600] Sync Log:  [END] Copying public-api/.docker-sync/daemon.pid
[2021-02-15 16:24:42 -0600] Sync Log:  UNISON 2.51.2 (OCAML 4.06.1) finished propagating changes at 16:24:41.12 on 15 Feb 2021
[2021-02-15 16:24:42 -0600] Sync Log:  Synchronization complete at 16:24:41  (2 items transferred, 0 skipped, 0 failed)
          ok  Starting native_osx for sync db-sync
          ok  db-sync container still running, restarting unison in container
unison: stopped
unison: started
     success  Sync container started
     success  Showing unison logs from your sync container: db-sync
[2021-02-15 16:26:39 -0600] Sync Log:  [END] Deleting public-api/.docker-sync/daemon.pid
[2021-02-15 16:26:39 -0600] Sync Log:  UNISON 2.51.2 (OCAML 4.06.1) finished propagating changes at 16:26:36.43 on 15 Feb 2021
[2021-02-15 16:26:39 -0600] Sync Log:  Synchronization complete at 16:26:36  (3 items transferred, 0 skipped, 0 failed)
[2021-02-15 16:26:39 -0600] Sync Log:  UNISON 2.51.2 (OCAML 4.06.1) started propagating changes at 16:26:38.60 on 15 Feb 2021
[2021-02-15 16:26:39 -0600] Sync Log:  [BGN] Updating file public-api/.docker-sync/daemon.log from /host_sync to /app_sync
[2021-02-15 16:26:39 -0600] Sync Log:  [END] Updating file public-api/.docker-sync/daemon.log
[2021-02-15 16:26:39 -0600] Sync Log:  [BGN] Copying public-api/.docker-sync/daemon.pid from /host_sync to /app_sync
[2021-02-15 16:26:39 -0600] Sync Log:  [END] Copying public-api/.docker-sync/daemon.pid
[2021-02-15 16:26:39 -0600] Sync Log:  UNISON 2.51.2 (OCAML 4.06.1) finished propagating changes at 16:26:38.61 on 15 Feb 2021
[2021-02-15 16:26:39 -0600] Sync Log:  Synchronization complete at 16:26:38  (2 items transferred, 0 skipped, 0 failed)
          ok  Starting native_osx for sync db-sync
          ok  db-sync container still running, restarting unison in container
unison: stopped
unison: started
     success  Sync container started
     success  Showing unison logs from your sync container: db-sync
[2021-02-15 16:28:26 -0600] Sync Log:  [END] Deleting public-api/.docker-sync/daemon.pid
[2021-02-15 16:28:26 -0600] Sync Log:  UNISON 2.51.2 (OCAML 4.06.1) finished propagating changes at 16:28:23.07 on 15 Feb 2021
[2021-02-15 16:28:26 -0600] Sync Log:  Synchronization complete at 16:28:23  (3 items transferred, 0 skipped, 0 failed)
[2021-02-15 16:28:26 -0600] Sync Log:  UNISON 2.51.2 (OCAML 4.06.1) started propagating changes at 16:28:25.12 on 15 Feb 2021
[2021-02-15 16:28:26 -0600] Sync Log:  [BGN] Updating file public-api/.docker-sync/daemon.log from /host_sync to /app_sync
[2021-02-15 16:28:26 -0600] Sync Log:  [END] Updating file public-api/.docker-sync/daemon.log
[2021-02-15 16:28:26 -0600] Sync Log:  [BGN] Copying public-api/.docker-sync/daemon.pid from /host_sync to /app_sync
[2021-02-15 16:28:26 -0600] Sync Log:  [END] Copying public-api/.docker-sync/daemon.pid
[2021-02-15 16:28:26 -0600] Sync Log:  UNISON 2.51.2 (OCAML 4.06.1) finished propagating changes at 16:28:25.12 on 15 Feb 2021
[2021-02-15 16:28:26 -0600] Sync Log:  Synchronization complete at 16:28:25  (2 items transferred, 0 skipped, 0 failed)
[2021-02-15 16:29:57 -0600] Sync Log:  UNISON 2.51.2 (OCAML 4.06.1) started propagating changes at 16:29:56.58 on 15 Feb 2021
[2021-02-15 16:29:57 -0600] Sync Log:  [BGN] Updating file public-api/src/main/java/org/pmiops/workbench/cdr/dao/DomainInfoDao.java from /host_sync to /app_sync
[2021-02-15 16:29:57 -0600] Sync Log:  [END] Updating file public-api/src/main/java/org/pmiops/workbench/cdr/dao/DomainInfoDao.java
[2021-02-15 16:29:57 -0600] Sync Log:  UNISON 2.51.2 (OCAML 4.06.1) finished propagating changes at 16:29:56.58 on 15 Feb 2021
[2021-02-15 16:29:57 -0600] Sync Log:  Synchronization complete at 16:29:56  (1 item transferred, 0 skipped, 0 failed)
[2021-02-15 16:30:00 -0600] Sync Log:  UNISON 2.51.2 (OCAML 4.06.1) started propagating changes at 16:30:00.11 on 15 Feb 2021
[2021-02-15 16:30:00 -0600] Sync Log:  [BGN] Updating file public-api/src/main/java/org/pmiops/workbench/cdr/dao/DomainInfoDao.java from /host_sync to /app_sync
[2021-02-15 16:30:00 -0600] Sync Log:  [END] Updating file public-api/src/main/java/org/pmiops/workbench/cdr/dao/DomainInfoDao.java
[2021-02-15 16:30:00 -0600] Sync Log:  UNISON 2.51.2 (OCAML 4.06.1) finished propagating changes at 16:30:00.11 on 15 Feb 2021
[2021-02-15 16:30:00 -0600] Sync Log:  Synchronization complete at 16:30:00  (1 item transferred, 0 skipped, 0 failed)
[2021-02-15 16:31:59 -0600] Sync Log:  UNISON 2.51.2 (OCAML 4.06.1) started propagating changes at 16:31:58.70 on 15 Feb 2021
[2021-02-15 16:31:59 -0600] Sync Log:  [BGN] Updating file public-api/src/main/java/org/pmiops/workbench/cdr/model/DbConcept.java from /host_sync to /app_sync
[2021-02-15 16:31:59 -0600] Sync Log:  [END] Updating file public-api/src/main/java/org/pmiops/workbench/cdr/model/DbConcept.java
[2021-02-15 16:31:59 -0600] Sync Log:  UNISON 2.51.2 (OCAML 4.06.1) finished propagating changes at 16:31:58.71 on 15 Feb 2021
[2021-02-15 16:31:59 -0600] Sync Log:  Synchronization complete at 16:31:58  (1 item transferred, 0 skipped, 0 failed)
